c:\users\jack\documents\github\sfml-game\sfml_engine\debug\vc142.pdb
c:\users\jack\documents\github\sfml-game\sfml_engine\debug\vc142.idb
c:\users\jack\documents\github\sfml-game\sfml_engine\debug\spritecollection.obj
c:\users\jack\documents\github\sfml-game\sfml_engine\debug\sprite.obj
c:\users\jack\documents\github\sfml-game\sfml_engine\debug\soundplayer.obj
c:\users\jack\documents\github\sfml-game\sfml_engine\debug\sound.obj
c:\users\jack\documents\github\sfml-game\sfml_engine\debug\main.obj
c:\users\jack\documents\github\sfml-game\sfml_engine\debug\inputmanager.obj
c:\users\jack\documents\github\sfml-game\sfml_engine\debug\graphics.obj
c:\users\jack\documents\github\sfml-game\sfml_engine\debug\camera.obj
c:\users\jack\documents\github\sfml-game\sfml_engine\debug\game.obj
c:\users\jack\documents\github\sfml-game\sfml_engine\debug\collisiondetection.obj
c:\users\jack\documents\github\sfml-game\sfml_engine\debug\image.obj
c:\users\jack\documents\github\sfml-game\sfml_engine\debug\spritesheet.obj
c:\users\jack\documents\github\sfml-game\debug\sfml_engine.exe
c:\users\jack\documents\github\sfml-game\sfml_engine\debug\sfml_engine.ilk
c:\users\jack\documents\github\sfml-game\debug\sfml_engine.pdb
c:\users\jack\documents\github\sfml-game\sfml_engine\debug\sfml_engine.tlog\cl.command.1.tlog
c:\users\jack\documents\github\sfml-game\sfml_engine\debug\sfml_engine.tlog\cl.read.1.tlog
c:\users\jack\documents\github\sfml-game\sfml_engine\debug\sfml_engine.tlog\cl.write.1.tlog
c:\users\jack\documents\github\sfml-game\sfml_engine\debug\sfml_engine.tlog\link.command.1.tlog
c:\users\jack\documents\github\sfml-game\sfml_engine\debug\sfml_engine.tlog\link.read.1.tlog
c:\users\jack\documents\github\sfml-game\sfml_engine\debug\sfml_engine.tlog\link.write.1.tlog
