  Game.cpp
C:\Users\Jack\Documents\GitHub\SFML-Game\SFML_Engine\ObjectCollection.h(11,10): warning C4067: unexpected tokens following preprocessor directive - expected a newline
C:\Users\Jack\Documents\GitHub\SFML-Game\SFML_Engine\Miner.h(10,17): warning C4305: 'initializing': truncation from 'double' to 'float'
C:\Users\Jack\Documents\GitHub\SFML-Game\SFML_Engine\SnowSystem.h(32,18): warning C4305: 'initializing': truncation from 'double' to 'float'
C:\Users\Jack\Documents\GitHub\SFML-Game\SFML_Engine\Game.cpp(102,33): warning C4305: 'argument': truncation from 'double' to 'float'
C:\Users\Jack\Documents\GitHub\SFML-Game\SFML_Engine\Game.cpp(103,32): warning C4305: 'argument': truncation from 'double' to 'float'
C:\Users\Jack\Documents\GitHub\SFML-Game\SFML_Engine\Game.cpp(129,69): warning C4305: 'argument': truncation from 'double' to 'T'
          with
          [
              T=float
          ]
C:\Users\Jack\Documents\GitHub\SFML-Game\SFML_Engine\Game.cpp(167,23): warning C4305: '-=': truncation from 'double' to 'float'
C:\Users\Jack\Documents\GitHub\SFML-Game\SFML_Engine\Game.cpp(178,30): warning C4305: 'argument': truncation from 'double' to 'float'
C:\Users\Jack\Documents\GitHub\SFML-Game\SFML_Engine\Game.cpp(184,25): warning C4305: '+=': truncation from 'double' to 'float'
C:\Users\Jack\Documents\GitHub\SFML-Game\SFML_Engine\Game.cpp(187,29): warning C4305: '+=': truncation from 'double' to 'float'
C:\Users\Jack\Documents\GitHub\SFML-Game\SFML_Engine\Game.cpp(192,29): warning C4305: '-=': truncation from 'double' to 'float'
C:\Users\Jack\Documents\GitHub\SFML-Game\SFML_Engine\Game.cpp(195,25): warning C4305: '-=': truncation from 'double' to 'float'
C:\Users\Jack\Documents\GitHub\SFML-Game\SFML_Engine\Game.cpp(256,77): warning C4244: 'argument': conversion from 'float' to 'int', possible loss of data
C:\Users\Jack\Documents\GitHub\SFML-Game\SFML_Engine\Game.cpp(256,46): warning C4244: 'argument': conversion from 'float' to 'int', possible loss of data
C:\Users\Jack\Documents\GitHub\SFML-Game\SFML_Engine\Game.cpp(269,114): warning C4244: 'argument': conversion from 'double' to 'T', possible loss of data
          with
          [
              T=float
          ]
C:\Users\Jack\Documents\GitHub\SFML-Game\SFML_Engine\Game.cpp(269,77): warning C4244: 'argument': conversion from 'double' to 'T', possible loss of data
          with
          [
              T=float
          ]
C:\Users\Jack\Documents\GitHub\SFML-Game\SFML_Engine\Game.cpp(269,43): warning C4244: 'argument': conversion from 'double' to 'T', possible loss of data
          with
          [
              T=float
          ]
  SFML_Engine.vcxproj -> C:\Users\Jack\Documents\GitHub\SFML-Game\Debug\SFML_Engine.exe
