  BuildDrone.cpp
C:\Users\Jack\Documents\GitHub\SFML-Game\SFML_Engine\Shader_Pipeline_Classes.h(234,68): warning C4244: 'argument': conversion from 'float' to 'sf::Uint8', possible loss of data
  (compiling source file 'BuildDrone.cpp')
  
C:\Users\Jack\Documents\GitHub\SFML-Game\SFML_Engine\Shader_Pipeline_Classes.h(266,46): warning C4244: 'argument': conversion from 'float' to 'unsigned int', possible loss of data
  (compiling source file 'BuildDrone.cpp')
  
C:\Users\Jack\Documents\GitHub\SFML-Game\SFML_Engine\Shader_Pipeline_Classes.h(266,39): warning C4244: 'argument': conversion from 'float' to 'unsigned int', possible loss of data
  (compiling source file 'BuildDrone.cpp')
  
C:\Users\Jack\Documents\GitHub\SFML-Game\SFML_Engine\BuildDrone.cpp(10,46): warning C4244: '=': conversion from 'double' to 'int', possible loss of data
C:\Users\Jack\Documents\GitHub\SFML-Game\SFML_Engine\BuildDrone.cpp(44,42): warning C4305: 'argument': truncation from 'double' to 'float'
C:\Users\Jack\Documents\GitHub\SFML-Game\SFML_Engine\BuildDrone.cpp(46,69): warning C4244: 'argument': conversion from 'double' to 'float', possible loss of data
C:\Users\Jack\Documents\GitHub\SFML-Game\SFML_Engine\BuildDrone.cpp(51,47): warning C4244: 'argument': conversion from 'double' to 'float', possible loss of data
C:\Users\Jack\Documents\GitHub\SFML-Game\SFML_Engine\BuildDrone.cpp(53,113): warning C4244: 'argument': conversion from 'int' to 'float', possible loss of data
C:\Users\Jack\Documents\GitHub\SFML-Game\SFML_Engine\BuildDrone.cpp(79,22): warning C4244: '+=': conversion from 'double' to 'int', possible loss of data
C:\Users\Jack\Documents\GitHub\SFML-Game\SFML_Engine\BuildDrone.cpp(93,53): warning C4244: 'argument': conversion from 'float' to 'int', possible loss of data
C:\Users\Jack\Documents\GitHub\SFML-Game\SFML_Engine\BuildDrone.cpp(103,59): warning C4244: 'argument': conversion from 'float' to 'int', possible loss of data
C:\Users\Jack\Documents\GitHub\SFML-Game\SFML_Engine\BuildDrone.cpp(113,30): warning C4244: '=': conversion from 'float' to 'int', possible loss of data
C:\Users\Jack\Documents\GitHub\SFML-Game\SFML_Engine\BuildDrone.cpp(122,127): warning C4244: '=': conversion from 'double' to 'float', possible loss of data
  Builder.cpp
C:\Users\Jack\Documents\GitHub\SFML-Game\SFML_Engine\Shader_Pipeline_Classes.h(234,68): warning C4244: 'argument': conversion from 'float' to 'sf::Uint8', possible loss of data
  (compiling source file 'Builder.cpp')
  
C:\Users\Jack\Documents\GitHub\SFML-Game\SFML_Engine\Shader_Pipeline_Classes.h(266,46): warning C4244: 'argument': conversion from 'float' to 'unsigned int', possible loss of data
  (compiling source file 'Builder.cpp')
  
C:\Users\Jack\Documents\GitHub\SFML-Game\SFML_Engine\Shader_Pipeline_Classes.h(266,39): warning C4244: 'argument': conversion from 'float' to 'unsigned int', possible loss of data
  (compiling source file 'Builder.cpp')
  
C:\Users\Jack\Documents\GitHub\SFML-Game\SFML_Engine\ObjectCollection.h(11,10): warning C4067: unexpected tokens following preprocessor directive - expected a newline
  (compiling source file 'Builder.cpp')
  
C:\Users\Jack\Documents\GitHub\SFML-Game\SFML_Engine\Miner.h(10,19): warning C4305: 'initializing': truncation from 'double' to 'float'
  (compiling source file 'Builder.cpp')
  
  Button.cpp
C:\Users\Jack\Documents\GitHub\SFML-Game\SFML_Engine\Shader_Pipeline_Classes.h(234,68): warning C4244: 'argument': conversion from 'float' to 'sf::Uint8', possible loss of data
  (compiling source file 'Button.cpp')
  
C:\Users\Jack\Documents\GitHub\SFML-Game\SFML_Engine\Shader_Pipeline_Classes.h(266,46): warning C4244: 'argument': conversion from 'float' to 'unsigned int', possible loss of data
  (compiling source file 'Button.cpp')
  
C:\Users\Jack\Documents\GitHub\SFML-Game\SFML_Engine\Shader_Pipeline_Classes.h(266,39): warning C4244: 'argument': conversion from 'float' to 'unsigned int', possible loss of data
  (compiling source file 'Button.cpp')
  
C:\Users\Jack\Documents\GitHub\SFML-Game\SFML_Engine\ObjectCollection.h(11,10): warning C4067: unexpected tokens following preprocessor directive - expected a newline
  (compiling source file 'Button.cpp')
  
C:\Users\Jack\Documents\GitHub\SFML-Game\SFML_Engine\Miner.h(10,19): warning C4305: 'initializing': truncation from 'double' to 'float'
  (compiling source file 'Button.cpp')
  
  CommandExecuter.cpp
C:\Users\Jack\Documents\GitHub\SFML-Game\SFML_Engine\Shader_Pipeline_Classes.h(234,68): warning C4244: 'argument': conversion from 'float' to 'sf::Uint8', possible loss of data
  (compiling source file 'CommandExecuter.cpp')
  
C:\Users\Jack\Documents\GitHub\SFML-Game\SFML_Engine\Shader_Pipeline_Classes.h(266,46): warning C4244: 'argument': conversion from 'float' to 'unsigned int', possible loss of data
  (compiling source file 'CommandExecuter.cpp')
  
C:\Users\Jack\Documents\GitHub\SFML-Game\SFML_Engine\Shader_Pipeline_Classes.h(266,39): warning C4244: 'argument': conversion from 'float' to 'unsigned int', possible loss of data
  (compiling source file 'CommandExecuter.cpp')
  
C:\Users\Jack\Documents\GitHub\SFML-Game\SFML_Engine\ObjectCollection.h(11,10): warning C4067: unexpected tokens following preprocessor directive - expected a newline
  (compiling source file 'CommandExecuter.cpp')
  
C:\Users\Jack\Documents\GitHub\SFML-Game\SFML_Engine\Miner.h(10,19): warning C4305: 'initializing': truncation from 'double' to 'float'
  (compiling source file 'CommandExecuter.cpp')
  
C:\Users\Jack\Documents\GitHub\SFML-Game\SFML_Engine\CommandExecuter.cpp(39,59): warning C4244: 'argument': conversion from 'float' to 'int', possible loss of data
C:\Users\Jack\Documents\GitHub\SFML-Game\SFML_Engine\CommandExecuter.cpp(39,47): warning C4244: 'argument': conversion from 'float' to 'int', possible loss of data
C:\Users\Jack\Documents\GitHub\SFML-Game\SFML_Engine\CommandExecuter.cpp(42,56): warning C4244: 'argument': conversion from 'float' to 'int', possible loss of data
C:\Users\Jack\Documents\GitHub\SFML-Game\SFML_Engine\CommandExecuter.cpp(42,44): warning C4244: 'argument': conversion from 'float' to 'int', possible loss of data
C:\Users\Jack\Documents\GitHub\SFML-Game\SFML_Engine\CommandExecuter.cpp(45,51): warning C4244: 'argument': conversion from 'float' to 'int', possible loss of data
C:\Users\Jack\Documents\GitHub\SFML-Game\SFML_Engine\CommandExecuter.cpp(45,39): warning C4244: 'argument': conversion from 'float' to 'int', possible loss of data
C:\Users\Jack\Documents\GitHub\SFML-Game\SFML_Engine\CommandExecuter.cpp(48,52): warning C4244: 'argument': conversion from 'float' to 'int', possible loss of data
C:\Users\Jack\Documents\GitHub\SFML-Game\SFML_Engine\CommandExecuter.cpp(48,40): warning C4244: 'argument': conversion from 'float' to 'int', possible loss of data
C:\Users\Jack\Documents\GitHub\SFML-Game\SFML_Engine\CommandExecuter.cpp(51,56): warning C4244: 'argument': conversion from 'float' to 'int', possible loss of data
C:\Users\Jack\Documents\GitHub\SFML-Game\SFML_Engine\CommandExecuter.cpp(51,44): warning C4244: 'argument': conversion from 'float' to 'int', possible loss of data
C:\Users\Jack\Documents\GitHub\SFML-Game\SFML_Engine\CommandExecuter.cpp(54,51): warning C4244: 'argument': conversion from 'float' to 'int', possible loss of data
C:\Users\Jack\Documents\GitHub\SFML-Game\SFML_Engine\CommandExecuter.cpp(54,39): warning C4244: 'argument': conversion from 'float' to 'int', possible loss of data
C:\Users\Jack\Documents\GitHub\SFML-Game\SFML_Engine\CommandExecuter.cpp(57,63): warning C4244: 'argument': conversion from 'float' to 'int', possible loss of data
C:\Users\Jack\Documents\GitHub\SFML-Game\SFML_Engine\CommandExecuter.cpp(57,51): warning C4244: 'argument': conversion from 'float' to 'int', possible loss of data
C:\Users\Jack\Documents\GitHub\SFML-Game\SFML_Engine\CommandExecuter.cpp(57,39): warning C4244: 'argument': conversion from 'float' to 'int', possible loss of data
C:\Users\Jack\Documents\GitHub\SFML-Game\SFML_Engine\CommandExecuter.cpp(60,55): warning C4244: 'argument': conversion from 'float' to 'int', possible loss of data
C:\Users\Jack\Documents\GitHub\SFML-Game\SFML_Engine\CommandExecuter.cpp(60,43): warning C4244: 'argument': conversion from 'float' to 'int', possible loss of data
C:\Users\Jack\Documents\GitHub\SFML-Game\SFML_Engine\CommandExecuter.cpp(63,60): warning C4244: 'argument': conversion from 'float' to 'int', possible loss of data
C:\Users\Jack\Documents\GitHub\SFML-Game\SFML_Engine\CommandExecuter.cpp(63,48): warning C4244: 'argument': conversion from 'float' to 'int', possible loss of data
C:\Users\Jack\Documents\GitHub\SFML-Game\SFML_Engine\CommandExecuter.cpp(66,62): warning C4244: 'argument': conversion from 'float' to 'int', possible loss of data
C:\Users\Jack\Documents\GitHub\SFML-Game\SFML_Engine\CommandExecuter.cpp(66,50): warning C4244: 'argument': conversion from 'float' to 'int', possible loss of data
C:\Users\Jack\Documents\GitHub\SFML-Game\SFML_Engine\CommandExecuter.cpp(90,59): warning C4244: 'argument': conversion from 'float' to 'int', possible loss of data
C:\Users\Jack\Documents\GitHub\SFML-Game\SFML_Engine\CommandExecuter.cpp(90,47): warning C4244: 'argument': conversion from 'float' to 'int', possible loss of data
C:\Users\Jack\Documents\GitHub\SFML-Game\SFML_Engine\CommandExecuter.cpp(93,56): warning C4244: 'argument': conversion from 'float' to 'int', possible loss of data
C:\Users\Jack\Documents\GitHub\SFML-Game\SFML_Engine\CommandExecuter.cpp(93,44): warning C4244: 'argument': conversion from 'float' to 'int', possible loss of data
C:\Users\Jack\Documents\GitHub\SFML-Game\SFML_Engine\CommandExecuter.cpp(96,51): warning C4244: 'argument': conversion from 'float' to 'int', possible loss of data
C:\Users\Jack\Documents\GitHub\SFML-Game\SFML_Engine\CommandExecuter.cpp(96,39): warning C4244: 'argument': conversion from 'float' to 'int', possible loss of data
C:\Users\Jack\Documents\GitHub\SFML-Game\SFML_Engine\CommandExecuter.cpp(99,52): warning C4244: 'argument': conversion from 'float' to 'int', possible loss of data
C:\Users\Jack\Documents\GitHub\SFML-Game\SFML_Engine\CommandExecuter.cpp(99,40): warning C4244: 'argument': conversion from 'float' to 'int', possible loss of data
C:\Users\Jack\Documents\GitHub\SFML-Game\SFML_Engine\CommandExecuter.cpp(102,56): warning C4244: 'argument': conversion from 'float' to 'int', possible loss of data
C:\Users\Jack\Documents\GitHub\SFML-Game\SFML_Engine\CommandExecuter.cpp(102,44): warning C4244: 'argument': conversion from 'float' to 'int', possible loss of data
C:\Users\Jack\Documents\GitHub\SFML-Game\SFML_Engine\CommandExecuter.cpp(105,51): warning C4244: 'argument': conversion from 'float' to 'int', possible loss of data
C:\Users\Jack\Documents\GitHub\SFML-Game\SFML_Engine\CommandExecuter.cpp(105,39): warning C4244: 'argument': conversion from 'float' to 'int', possible loss of data
C:\Users\Jack\Documents\GitHub\SFML-Game\SFML_Engine\CommandExecuter.cpp(108,51): warning C4244: 'argument': conversion from 'float' to 'int', possible loss of data
C:\Users\Jack\Documents\GitHub\SFML-Game\SFML_Engine\CommandExecuter.cpp(108,39): warning C4244: 'argument': conversion from 'float' to 'int', possible loss of data
C:\Users\Jack\Documents\GitHub\SFML-Game\SFML_Engine\CommandExecuter.cpp(111,55): warning C4244: 'argument': conversion from 'float' to 'int', possible loss of data
C:\Users\Jack\Documents\GitHub\SFML-Game\SFML_Engine\CommandExecuter.cpp(111,43): warning C4244: 'argument': conversion from 'float' to 'int', possible loss of data
C:\Users\Jack\Documents\GitHub\SFML-Game\SFML_Engine\CommandExecuter.cpp(114,62): warning C4244: 'argument': conversion from 'float' to 'int', possible loss of data
C:\Users\Jack\Documents\GitHub\SFML-Game\SFML_Engine\CommandExecuter.cpp(114,50): warning C4244: 'argument': conversion from 'float' to 'int', possible loss of data
C:\Users\Jack\Documents\GitHub\SFML-Game\SFML_Engine\CommandExecuter.cpp(117,53): warning C4244: 'argument': conversion from 'float' to 'int', possible loss of data
C:\Users\Jack\Documents\GitHub\SFML-Game\SFML_Engine\CommandExecuter.cpp(117,41): warning C4244: 'argument': conversion from 'float' to 'int', possible loss of data
C:\Users\Jack\Documents\GitHub\SFML-Game\SFML_Engine\CommandExecuter.cpp(120,56): warning C4244: 'argument': conversion from 'float' to 'int', possible loss of data
C:\Users\Jack\Documents\GitHub\SFML-Game\SFML_Engine\CommandExecuter.cpp(120,44): warning C4244: 'argument': conversion from 'float' to 'int', possible loss of data
  ControlSwitcher.cpp
C:\Users\Jack\Documents\GitHub\SFML-Game\SFML_Engine\Shader_Pipeline_Classes.h(234,68): warning C4244: 'argument': conversion from 'float' to 'sf::Uint8', possible loss of data
  (compiling source file 'ControlSwitcher.cpp')
  
C:\Users\Jack\Documents\GitHub\SFML-Game\SFML_Engine\Shader_Pipeline_Classes.h(266,46): warning C4244: 'argument': conversion from 'float' to 'unsigned int', possible loss of data
  (compiling source file 'ControlSwitcher.cpp')
  
C:\Users\Jack\Documents\GitHub\SFML-Game\SFML_Engine\Shader_Pipeline_Classes.h(266,39): warning C4244: 'argument': conversion from 'float' to 'unsigned int', possible loss of data
  (compiling source file 'ControlSwitcher.cpp')
  
C:\Users\Jack\Documents\GitHub\SFML-Game\SFML_Engine\ObjectCollection.h(11,10): warning C4067: unexpected tokens following preprocessor directive - expected a newline
  (compiling source file 'ControlSwitcher.cpp')
  
C:\Users\Jack\Documents\GitHub\SFML-Game\SFML_Engine\Miner.h(10,19): warning C4305: 'initializing': truncation from 'double' to 'float'
  (compiling source file 'ControlSwitcher.cpp')
  
C:\Users\Jack\Documents\GitHub\SFML-Game\SFML_Engine\ControlSwitcher.cpp(54,43): warning C4244: 'argument': conversion from 'int' to 'float', possible loss of data
C:\Users\Jack\Documents\GitHub\SFML-Game\SFML_Engine\ControlSwitcher.cpp(54,40): warning C4244: 'argument': conversion from 'int' to 'float', possible loss of data
C:\Users\Jack\Documents\GitHub\SFML-Game\SFML_Engine\ControlSwitcher.cpp(54,37): warning C4244: 'argument': conversion from 'int' to 'float', possible loss of data
C:\Users\Jack\Documents\GitHub\SFML-Game\SFML_Engine\ControlSwitcher.cpp(54,34): warning C4244: 'argument': conversion from 'int' to 'float', possible loss of data
C:\Users\Jack\Documents\GitHub\SFML-Game\SFML_Engine\ControlSwitcher.cpp(55,43): warning C4244: 'argument': conversion from 'int' to 'float', possible loss of data
C:\Users\Jack\Documents\GitHub\SFML-Game\SFML_Engine\ControlSwitcher.cpp(55,40): warning C4244: 'argument': conversion from 'int' to 'float', possible loss of data
C:\Users\Jack\Documents\GitHub\SFML-Game\SFML_Engine\ControlSwitcher.cpp(55,37): warning C4244: 'argument': conversion from 'int' to 'float', possible loss of data
C:\Users\Jack\Documents\GitHub\SFML-Game\SFML_Engine\ControlSwitcher.cpp(55,34): warning C4244: 'argument': conversion from 'int' to 'float', possible loss of data
C:\Users\Jack\Documents\GitHub\SFML-Game\SFML_Engine\ControlSwitcher.cpp(56,51): warning C4244: 'argument': conversion from 'int' to 'float', possible loss of data
C:\Users\Jack\Documents\GitHub\SFML-Game\SFML_Engine\ControlSwitcher.cpp(56,48): warning C4244: 'argument': conversion from 'int' to 'float', possible loss of data
C:\Users\Jack\Documents\GitHub\SFML-Game\SFML_Engine\ControlSwitcher.cpp(56,43): warning C4244: 'argument': conversion from 'int' to 'float', possible loss of data
C:\Users\Jack\Documents\GitHub\SFML-Game\SFML_Engine\ControlSwitcher.cpp(56,34): warning C4244: 'argument': conversion from 'int' to 'float', possible loss of data
C:\Users\Jack\Documents\GitHub\SFML-Game\SFML_Engine\ControlSwitcher.cpp(57,51): warning C4244: 'argument': conversion from 'int' to 'float', possible loss of data
C:\Users\Jack\Documents\GitHub\SFML-Game\SFML_Engine\ControlSwitcher.cpp(57,48): warning C4244: 'argument': conversion from 'int' to 'float', possible loss of data
C:\Users\Jack\Documents\GitHub\SFML-Game\SFML_Engine\ControlSwitcher.cpp(57,45): warning C4244: 'argument': conversion from 'int' to 'float', possible loss of data
C:\Users\Jack\Documents\GitHub\SFML-Game\SFML_Engine\ControlSwitcher.cpp(57,40): warning C4244: 'argument': conversion from 'int' to 'float', possible loss of data
C:\Users\Jack\Documents\GitHub\SFML-Game\SFML_Engine\ControlSwitcher.cpp(58,87): warning C4244: 'argument': conversion from 'int' to 'float', possible loss of data
C:\Users\Jack\Documents\GitHub\SFML-Game\SFML_Engine\ControlSwitcher.cpp(58,51): warning C4244: 'argument': conversion from 'int' to 'float', possible loss of data
C:\Users\Jack\Documents\GitHub\SFML-Game\SFML_Engine\ControlSwitcher.cpp(58,40): warning C4244: 'argument': conversion from 'int' to 'float', possible loss of data
C:\Users\Jack\Documents\GitHub\SFML-Game\SFML_Engine\ControlSwitcher.cpp(71,54): warning C4305: 'argument': truncation from 'double' to 'float'
  DefenseOrb.cpp
C:\Users\Jack\Documents\GitHub\SFML-Game\SFML_Engine\Shader_Pipeline_Classes.h(234,68): warning C4244: 'argument': conversion from 'float' to 'sf::Uint8', possible loss of data
  (compiling source file 'DefenseOrb.cpp')
  
C:\Users\Jack\Documents\GitHub\SFML-Game\SFML_Engine\Shader_Pipeline_Classes.h(266,46): warning C4244: 'argument': conversion from 'float' to 'unsigned int', possible loss of data
  (compiling source file 'DefenseOrb.cpp')
  
C:\Users\Jack\Documents\GitHub\SFML-Game\SFML_Engine\Shader_Pipeline_Classes.h(266,39): warning C4244: 'argument': conversion from 'float' to 'unsigned int', possible loss of data
  (compiling source file 'DefenseOrb.cpp')
  
C:\Users\Jack\Documents\GitHub\SFML-Game\SFML_Engine\DefenseOrb.cpp(31,15): warning C4305: 'initializing': truncation from 'double' to 'float'
C:\Users\Jack\Documents\GitHub\SFML-Game\SFML_Engine\DefenseOrb.cpp(47,13): warning C4244: '*=': conversion from 'double' to 'float', possible loss of data
C:\Users\Jack\Documents\GitHub\SFML-Game\SFML_Engine\DefenseOrb.cpp(48,13): warning C4244: '*=': conversion from 'double' to 'float', possible loss of data
C:\Users\Jack\Documents\GitHub\SFML-Game\SFML_Engine\DefenseOrb.cpp(55,13): warning C4305: 'argument': truncation from 'double' to 'float'
C:\Users\Jack\Documents\GitHub\SFML-Game\SFML_Engine\DefenseOrb.cpp(67,78): warning C4244: 'argument': conversion from 'float' to 'int', possible loss of data
C:\Users\Jack\Documents\GitHub\SFML-Game\SFML_Engine\DefenseOrb.cpp(67,121): warning C4244: '=': conversion from 'double' to 'float', possible loss of data
C:\Users\Jack\Documents\GitHub\SFML-Game\SFML_Engine\DefenseOrb.cpp(68,50): warning C4244: 'argument': conversion from 'float' to 'int', possible loss of data
C:\Users\Jack\Documents\GitHub\SFML-Game\SFML_Engine\DefenseOrb.cpp(71,118): warning C4244: 'argument': conversion from 'float' to 'int', possible loss of data
C:\Users\Jack\Documents\GitHub\SFML-Game\SFML_Engine\DefenseOrb.cpp(75,15): warning C4305: 'argument': truncation from 'double' to 'float'
C:\Users\Jack\Documents\GitHub\SFML-Game\SFML_Engine\DefenseOrb.cpp(81,60): warning C4305: 'argument': truncation from 'double' to 'float'
C:\Users\Jack\Documents\GitHub\SFML-Game\SFML_Engine\DefenseOrb.cpp(101,152): warning C4244: 'argument': conversion from 'float' to 'int', possible loss of data
C:\Users\Jack\Documents\GitHub\SFML-Game\SFML_Engine\DefenseOrb.cpp(107,58): warning C4305: 'argument': truncation from 'double' to 'float'
C:\Users\Jack\Documents\GitHub\SFML-Game\SFML_Engine\DefenseOrb.cpp(116,26): warning C4305: '+=': truncation from 'double' to 'float'
C:\Users\Jack\Documents\GitHub\SFML-Game\SFML_Engine\DefenseOrb.cpp(119,204): warning C4244: 'argument': conversion from 'float' to 'int', possible loss of data
C:\Users\Jack\Documents\GitHub\SFML-Game\SFML_Engine\DefenseOrb.cpp(119,133): warning C4244: 'argument': conversion from 'double' to 'float', possible loss of data
C:\Users\Jack\Documents\GitHub\SFML-Game\SFML_Engine\DefenseOrb.cpp(119,70): warning C4244: 'argument': conversion from 'double' to 'float', possible loss of data
C:\Users\Jack\Documents\GitHub\SFML-Game\SFML_Engine\DefenseOrb.cpp(122,204): warning C4244: 'argument': conversion from 'float' to 'int', possible loss of data
C:\Users\Jack\Documents\GitHub\SFML-Game\SFML_Engine\DefenseOrb.cpp(122,133): warning C4244: 'argument': conversion from 'double' to 'float', possible loss of data
C:\Users\Jack\Documents\GitHub\SFML-Game\SFML_Engine\DefenseOrb.cpp(122,70): warning C4244: 'argument': conversion from 'double' to 'float', possible loss of data
C:\Users\Jack\Documents\GitHub\SFML-Game\SFML_Engine\DefenseOrb.cpp(129,91): warning C4244: 'argument': conversion from 'int' to 'float', possible loss of data
C:\Users\Jack\Documents\GitHub\SFML-Game\SFML_Engine\DefenseOrb.cpp(135,42): warning C4244: 'argument': conversion from 'float' to 'int', possible loss of data
C:\Users\Jack\Documents\GitHub\SFML-Game\SFML_Engine\DefenseOrb.cpp(137,59): warning C4244: 'argument': conversion from 'float' to 'int', possible loss of data
  Game.cpp
C:\Users\Jack\Documents\GitHub\SFML-Game\SFML_Engine\Shader_Pipeline_Classes.h(234,68): warning C4244: 'argument': conversion from 'float' to 'sf::Uint8', possible loss of data
  (compiling source file 'Game.cpp')
  
C:\Users\Jack\Documents\GitHub\SFML-Game\SFML_Engine\Shader_Pipeline_Classes.h(266,46): warning C4244: 'argument': conversion from 'float' to 'unsigned int', possible loss of data
  (compiling source file 'Game.cpp')
  
C:\Users\Jack\Documents\GitHub\SFML-Game\SFML_Engine\Shader_Pipeline_Classes.h(266,39): warning C4244: 'argument': conversion from 'float' to 'unsigned int', possible loss of data
  (compiling source file 'Game.cpp')
  
C:\Users\Jack\Documents\GitHub\SFML-Game\SFML_Engine\ObjectCollection.h(11,10): warning C4067: unexpected tokens following preprocessor directive - expected a newline
  (compiling source file 'Game.cpp')
  
C:\Users\Jack\Documents\GitHub\SFML-Game\SFML_Engine\Miner.h(10,19): warning C4305: 'initializing': truncation from 'double' to 'float'
  (compiling source file 'Game.cpp')
  
C:\Users\Jack\Documents\GitHub\SFML-Game\SFML_Engine\SnowSystem.h(40,20): warning C4305: 'initializing': truncation from 'double' to 'float'
  (compiling source file 'Game.cpp')
  
C:\Users\Jack\Documents\GitHub\SFML-Game\SFML_Engine\Game.cpp(260,30): warning C4305: 'argument': truncation from 'double' to 'float'
C:\Users\Jack\Documents\GitHub\SFML-Game\SFML_Engine\Game.cpp(261,29): warning C4305: 'argument': truncation from 'double' to 'float'
C:\Users\Jack\Documents\GitHub\SFML-Game\SFML_Engine\Game.cpp(269,63): warning C4305: 'argument': truncation from 'double' to 'T'
C:\Users\Jack\Documents\GitHub\SFML-Game\SFML_Engine\Game.cpp(269,63): warning C4305:         with
C:\Users\Jack\Documents\GitHub\SFML-Game\SFML_Engine\Game.cpp(269,63): warning C4305:         [
C:\Users\Jack\Documents\GitHub\SFML-Game\SFML_Engine\Game.cpp(269,63): warning C4305:             T=float
C:\Users\Jack\Documents\GitHub\SFML-Game\SFML_Engine\Game.cpp(269,63): warning C4305:         ]
C:\Users\Jack\Documents\GitHub\SFML-Game\SFML_Engine\Game.cpp(269,52): warning C4305: 'argument': truncation from 'double' to 'T'
C:\Users\Jack\Documents\GitHub\SFML-Game\SFML_Engine\Game.cpp(269,52): warning C4305:         with
C:\Users\Jack\Documents\GitHub\SFML-Game\SFML_Engine\Game.cpp(269,52): warning C4305:         [
C:\Users\Jack\Documents\GitHub\SFML-Game\SFML_Engine\Game.cpp(269,52): warning C4305:             T=float
C:\Users\Jack\Documents\GitHub\SFML-Game\SFML_Engine\Game.cpp(269,52): warning C4305:         ]
C:\Users\Jack\Documents\GitHub\SFML-Game\SFML_Engine\Game.cpp(297,21): warning C4244: '*=': conversion from 'double' to 'float', possible loss of data
C:\Users\Jack\Documents\GitHub\SFML-Game\SFML_Engine\Game.cpp(477,92): warning C4244: 'argument': conversion from 'int' to 'float', possible loss of data
C:\Users\Jack\Documents\GitHub\SFML-Game\SFML_Engine\Game.cpp(479,100): warning C4244: 'argument': conversion from 'int' to 'float', possible loss of data
C:\Users\Jack\Documents\GitHub\SFML-Game\SFML_Engine\Game.cpp(489,113): warning C4244: 'argument': conversion from 'int' to 'float', possible loss of data
C:\Users\Jack\Documents\GitHub\SFML-Game\SFML_Engine\Game.cpp(489,96): warning C4244: 'argument': conversion from 'int' to 'float', possible loss of data
C:\Users\Jack\Documents\GitHub\SFML-Game\SFML_Engine\Game.cpp(507,45): warning C4244: 'argument': conversion from 'int' to 'float', possible loss of data
C:\Users\Jack\Documents\GitHub\SFML-Game\SFML_Engine\Game.cpp(516,46): warning C4244: 'argument': conversion from 'int' to 'float', possible loss of data
C:\Users\Jack\Documents\GitHub\SFML-Game\SFML_Engine\Game.cpp(542,24): warning C4305: 'argument': truncation from 'double' to 'float'
C:\Users\Jack\Documents\GitHub\SFML-Game\SFML_Engine\Game.cpp(597,41): warning C4244: 'argument': conversion from 'float' to 'int', possible loss of data
C:\Users\Jack\Documents\GitHub\SFML-Game\SFML_Engine\Game.cpp(598,24): warning C4305: 'argument': truncation from 'double' to 'float'
C:\Users\Jack\Documents\GitHub\SFML-Game\SFML_Engine\Game.cpp(602,42): warning C4244: 'argument': conversion from 'float' to 'int', possible loss of data
C:\Users\Jack\Documents\GitHub\SFML-Game\SFML_Engine\Game.cpp(603,25): warning C4305: 'argument': truncation from 'double' to 'float'
C:\Users\Jack\Documents\GitHub\SFML-Game\SFML_Engine\Game.cpp(607,38): warning C4305: 'argument': truncation from 'double' to 'float'
C:\Users\Jack\Documents\GitHub\SFML-Game\SFML_Engine\Game.cpp(608,42): warning C4244: 'argument': conversion from 'int' to 'float', possible loss of data
C:\Users\Jack\Documents\GitHub\SFML-Game\SFML_Engine\Game.cpp(608,29): warning C4244: 'argument': conversion from 'int' to 'float', possible loss of data
C:\Users\Jack\Documents\GitHub\SFML-Game\SFML_Engine\Game.cpp(623,33): warning C4305: 'argument': truncation from 'double' to 'float'
C:\Users\Jack\Documents\GitHub\SFML-Game\SFML_Engine\Game.cpp(624,42): warning C4244: 'argument': conversion from 'int' to 'float', possible loss of data
C:\Users\Jack\Documents\GitHub\SFML-Game\SFML_Engine\Game.cpp(624,29): warning C4244: 'argument': conversion from 'int' to 'float', possible loss of data
  MainCharacter.cpp
C:\Users\Jack\Documents\GitHub\SFML-Game\SFML_Engine\Shader_Pipeline_Classes.h(234,68): warning C4244: 'argument': conversion from 'float' to 'sf::Uint8', possible loss of data
  (compiling source file 'MainCharacter.cpp')
  
C:\Users\Jack\Documents\GitHub\SFML-Game\SFML_Engine\Shader_Pipeline_Classes.h(266,46): warning C4244: 'argument': conversion from 'float' to 'unsigned int', possible loss of data
  (compiling source file 'MainCharacter.cpp')
  
C:\Users\Jack\Documents\GitHub\SFML-Game\SFML_Engine\Shader_Pipeline_Classes.h(266,39): warning C4244: 'argument': conversion from 'float' to 'unsigned int', possible loss of data
  (compiling source file 'MainCharacter.cpp')
  
C:\Users\Jack\Documents\GitHub\SFML-Game\SFML_Engine\MainCharacter.cpp(62,91): warning C4244: 'argument': conversion from 'int' to 'float', possible loss of data
C:\Users\Jack\Documents\GitHub\SFML-Game\SFML_Engine\MainCharacter.cpp(81,27): warning C4244: '=': conversion from 'double' to 'float', possible loss of data
C:\Users\Jack\Documents\GitHub\SFML-Game\SFML_Engine\MainCharacter.cpp(86,28): warning C4244: '=': conversion from 'double' to 'float', possible loss of data
C:\Users\Jack\Documents\GitHub\SFML-Game\SFML_Engine\MainCharacter.cpp(88,27): warning C4244: '=': conversion from 'double' to 'float', possible loss of data
C:\Users\Jack\Documents\GitHub\SFML-Game\SFML_Engine\MainCharacter.cpp(98,27): warning C4244: '=': conversion from 'double' to 'float', possible loss of data
C:\Users\Jack\Documents\GitHub\SFML-Game\SFML_Engine\MainCharacter.cpp(102,28): warning C4244: '=': conversion from 'double' to 'float', possible loss of data
C:\Users\Jack\Documents\GitHub\SFML-Game\SFML_Engine\MainCharacter.cpp(105,26): warning C4244: '=': conversion from 'double' to 'float', possible loss of data
C:\Users\Jack\Documents\GitHub\SFML-Game\SFML_Engine\MainCharacter.cpp(122,134): warning C4244: 'argument': conversion from 'double' to 'float', possible loss of data
C:\Users\Jack\Documents\GitHub\SFML-Game\SFML_Engine\MainCharacter.cpp(122,71): warning C4244: 'argument': conversion from 'double' to 'float', possible loss of data
C:\Users\Jack\Documents\GitHub\SFML-Game\SFML_Engine\MainCharacter.cpp(125,134): warning C4244: 'argument': conversion from 'double' to 'float', possible loss of data
C:\Users\Jack\Documents\GitHub\SFML-Game\SFML_Engine\MainCharacter.cpp(125,71): warning C4244: 'argument': conversion from 'double' to 'float', possible loss of data
C:\Users\Jack\Documents\GitHub\SFML-Game\SFML_Engine\MainCharacter.cpp(137,13): warning C4305: 'argument': truncation from 'double' to 'float'
C:\Users\Jack\Documents\GitHub\SFML-Game\SFML_Engine\MainCharacter.cpp(144,61): warning C4305: 'argument': truncation from 'double' to 'float'
C:\Users\Jack\Documents\GitHub\SFML-Game\SFML_Engine\MainCharacter.cpp(151,61): warning C4305: 'argument': truncation from 'double' to 'float'
C:\Users\Jack\Documents\GitHub\SFML-Game\SFML_Engine\MainCharacter.cpp(159,61): warning C4305: 'argument': truncation from 'double' to 'float'
C:\Users\Jack\Documents\GitHub\SFML-Game\SFML_Engine\MainCharacter.cpp(166,61): warning C4305: 'argument': truncation from 'double' to 'float'
C:\Users\Jack\Documents\GitHub\SFML-Game\SFML_Engine\MainCharacter.cpp(175,62): warning C4305: 'argument': truncation from 'double' to 'float'
C:\Users\Jack\Documents\GitHub\SFML-Game\SFML_Engine\MainCharacter.cpp(181,62): warning C4305: 'argument': truncation from 'double' to 'float'
C:\Users\Jack\Documents\GitHub\SFML-Game\SFML_Engine\MainCharacter.cpp(189,62): warning C4305: 'argument': truncation from 'double' to 'float'
C:\Users\Jack\Documents\GitHub\SFML-Game\SFML_Engine\MainCharacter.cpp(195,62): warning C4305: 'argument': truncation from 'double' to 'float'
C:\Users\Jack\Documents\GitHub\SFML-Game\SFML_Engine\MainCharacter.cpp(770,77): warning C4305: 'argument': truncation from 'double' to 'float'
C:\Users\Jack\Documents\GitHub\SFML-Game\SFML_Engine\MainCharacter.cpp(771,77): warning C4305: 'argument': truncation from 'double' to 'float'
C:\Users\Jack\Documents\GitHub\SFML-Game\SFML_Engine\MainCharacter.cpp(773,76): warning C4305: 'argument': truncation from 'double' to 'float'
C:\Users\Jack\Documents\GitHub\SFML-Game\SFML_Engine\MainCharacter.cpp(774,76): warning C4305: 'argument': truncation from 'double' to 'float'
C:\Users\Jack\Documents\GitHub\SFML-Game\SFML_Engine\MainCharacter.cpp(776,73): warning C4305: 'argument': truncation from 'double' to 'float'
C:\Users\Jack\Documents\GitHub\SFML-Game\SFML_Engine\MainCharacter.cpp(777,70): warning C4305: 'argument': truncation from 'double' to 'float'
C:\Users\Jack\Documents\GitHub\SFML-Game\SFML_Engine\MainCharacter.cpp(778,70): warning C4305: 'argument': truncation from 'double' to 'float'
  ObjectCollection.cpp
C:\Users\Jack\Documents\GitHub\SFML-Game\SFML_Engine\Shader_Pipeline_Classes.h(234,68): warning C4244: 'argument': conversion from 'float' to 'sf::Uint8', possible loss of data
  (compiling source file 'ObjectCollection.cpp')
  
C:\Users\Jack\Documents\GitHub\SFML-Game\SFML_Engine\Shader_Pipeline_Classes.h(266,46): warning C4244: 'argument': conversion from 'float' to 'unsigned int', possible loss of data
  (compiling source file 'ObjectCollection.cpp')
  
C:\Users\Jack\Documents\GitHub\SFML-Game\SFML_Engine\Shader_Pipeline_Classes.h(266,39): warning C4244: 'argument': conversion from 'float' to 'unsigned int', possible loss of data
  (compiling source file 'ObjectCollection.cpp')
  
C:\Users\Jack\Documents\GitHub\SFML-Game\SFML_Engine\ObjectCollection.h(11,10): warning C4067: unexpected tokens following preprocessor directive - expected a newline
  (compiling source file 'ObjectCollection.cpp')
  
C:\Users\Jack\Documents\GitHub\SFML-Game\SFML_Engine\Miner.h(10,19): warning C4305: 'initializing': truncation from 'double' to 'float'
  (compiling source file 'ObjectCollection.cpp')
  
C:\Users\Jack\Documents\GitHub\SFML-Game\SFML_Engine\ObjectCollection.cpp(47,135): warning C4305: 'argument': truncation from 'int' to 'sf::Uint8'
C:\Users\Jack\Documents\GitHub\SFML-Game\SFML_Engine\ObjectCollection.cpp(47,135): warning C4309: 'argument': truncation of constant value
C:\Users\Jack\Documents\GitHub\SFML-Game\SFML_Engine\ObjectCollection.cpp(140,53): warning C4305: 'argument': truncation from 'double' to 'float'
C:\Users\Jack\Documents\GitHub\SFML-Game\SFML_Engine\ObjectCollection.cpp(145,86): warning C4244: 'argument': conversion from 'float' to 'int', possible loss of data
C:\Users\Jack\Documents\GitHub\SFML-Game\SFML_Engine\ObjectCollection.cpp(145,54): warning C4244: 'argument': conversion from 'float' to 'int', possible loss of data
C:\Users\Jack\Documents\GitHub\SFML-Game\SFML_Engine\ObjectCollection.cpp(146,53): warning C4305: 'argument': truncation from 'double' to 'float'
C:\Users\Jack\Documents\GitHub\SFML-Game\SFML_Engine\ObjectCollection.cpp(184,37): warning C4305: '*=': truncation from 'double' to 'T'
C:\Users\Jack\Documents\GitHub\SFML-Game\SFML_Engine\ObjectCollection.cpp(184,37): warning C4305:         with
C:\Users\Jack\Documents\GitHub\SFML-Game\SFML_Engine\ObjectCollection.cpp(184,37): warning C4305:         [
C:\Users\Jack\Documents\GitHub\SFML-Game\SFML_Engine\ObjectCollection.cpp(184,37): warning C4305:             T=float
C:\Users\Jack\Documents\GitHub\SFML-Game\SFML_Engine\ObjectCollection.cpp(184,37): warning C4305:         ]
C:\Users\Jack\Documents\GitHub\SFML-Game\SFML_Engine\ObjectCollection.cpp(185,37): warning C4305: '*=': truncation from 'double' to 'T'
C:\Users\Jack\Documents\GitHub\SFML-Game\SFML_Engine\ObjectCollection.cpp(185,37): warning C4305:         with
C:\Users\Jack\Documents\GitHub\SFML-Game\SFML_Engine\ObjectCollection.cpp(185,37): warning C4305:         [
C:\Users\Jack\Documents\GitHub\SFML-Game\SFML_Engine\ObjectCollection.cpp(185,37): warning C4305:             T=float
C:\Users\Jack\Documents\GitHub\SFML-Game\SFML_Engine\ObjectCollection.cpp(185,37): warning C4305:         ]
C:\Users\Jack\Documents\GitHub\SFML-Game\SFML_Engine\ObjectCollection.cpp(186,53): warning C4244: 'argument': conversion from 'T' to 'int', possible loss of data
C:\Users\Jack\Documents\GitHub\SFML-Game\SFML_Engine\ObjectCollection.cpp(186,53): warning C4244:         with
C:\Users\Jack\Documents\GitHub\SFML-Game\SFML_Engine\ObjectCollection.cpp(186,53): warning C4244:         [
C:\Users\Jack\Documents\GitHub\SFML-Game\SFML_Engine\ObjectCollection.cpp(186,53): warning C4244:             T=float
C:\Users\Jack\Documents\GitHub\SFML-Game\SFML_Engine\ObjectCollection.cpp(186,53): warning C4244:         ]
C:\Users\Jack\Documents\GitHub\SFML-Game\SFML_Engine\ObjectCollection.cpp(186,36): warning C4244: 'argument': conversion from 'T' to 'int', possible loss of data
C:\Users\Jack\Documents\GitHub\SFML-Game\SFML_Engine\ObjectCollection.cpp(186,36): warning C4244:         with
C:\Users\Jack\Documents\GitHub\SFML-Game\SFML_Engine\ObjectCollection.cpp(186,36): warning C4244:         [
C:\Users\Jack\Documents\GitHub\SFML-Game\SFML_Engine\ObjectCollection.cpp(186,36): warning C4244:             T=float
C:\Users\Jack\Documents\GitHub\SFML-Game\SFML_Engine\ObjectCollection.cpp(186,36): warning C4244:         ]
C:\Users\Jack\Documents\GitHub\SFML-Game\SFML_Engine\ObjectCollection.cpp(242,63): warning C4244: 'argument': conversion from 'double' to 'float', possible loss of data
C:\Users\Jack\Documents\GitHub\SFML-Game\SFML_Engine\ObjectCollection.cpp(353,51): warning C4244: 'argument': conversion from 'int' to 'float', possible loss of data
C:\Users\Jack\Documents\GitHub\SFML-Game\SFML_Engine\ObjectCollection.cpp(550,18): warning C4267: 'initializing': conversion from 'size_t' to 'int', possible loss of data
C:\Users\Jack\Documents\GitHub\SFML-Game\SFML_Engine\ObjectCollection.cpp(557,18): warning C4244: 'initializing': conversion from 'float' to 'int', possible loss of data
C:\Users\Jack\Documents\GitHub\SFML-Game\SFML_Engine\ObjectCollection.cpp(655,13): warning C4244: 'initializing': conversion from 'float' to 'int', possible loss of data
C:\Users\Jack\Documents\GitHub\SFML-Game\SFML_Engine\ObjectCollection.cpp(656,13): warning C4244: 'initializing': conversion from 'float' to 'int', possible loss of data
C:\Users\Jack\Documents\GitHub\SFML-Game\SFML_Engine\ObjectCollection.cpp(663,15): warning C4244: 'initializing': conversion from 'float' to 'int', possible loss of data
C:\Users\Jack\Documents\GitHub\SFML-Game\SFML_Engine\ObjectCollection.cpp(664,15): warning C4244: 'initializing': conversion from 'float' to 'int', possible loss of data
C:\Users\Jack\Documents\GitHub\SFML-Game\SFML_Engine\ObjectCollection.cpp(678,57): warning C4244: '=': conversion from 'float' to 'int', possible loss of data
C:\Users\Jack\Documents\GitHub\SFML-Game\SFML_Engine\ObjectCollection.cpp(679,55): warning C4244: '=': conversion from 'float' to 'int', possible loss of data
C:\Users\Jack\Documents\GitHub\SFML-Game\SFML_Engine\ObjectCollection.cpp(691,13): warning C4244: 'initializing': conversion from 'float' to 'int', possible loss of data
C:\Users\Jack\Documents\GitHub\SFML-Game\SFML_Engine\ObjectCollection.cpp(692,13): warning C4244: 'initializing': conversion from 'float' to 'int', possible loss of data
C:\Users\Jack\Documents\GitHub\SFML-Game\SFML_Engine\ObjectCollection.cpp(698,15): warning C4244: 'initializing': conversion from 'float' to 'int', possible loss of data
C:\Users\Jack\Documents\GitHub\SFML-Game\SFML_Engine\ObjectCollection.cpp(699,15): warning C4244: 'initializing': conversion from 'float' to 'int', possible loss of data
C:\Users\Jack\Documents\GitHub\SFML-Game\SFML_Engine\ObjectCollection.cpp(713,57): warning C4244: '=': conversion from 'float' to 'int', possible loss of data
C:\Users\Jack\Documents\GitHub\SFML-Game\SFML_Engine\ObjectCollection.cpp(714,55): warning C4244: '=': conversion from 'float' to 'int', possible loss of data
C:\Users\Jack\Documents\GitHub\SFML-Game\SFML_Engine\ObjectCollection.cpp(727,13): warning C4244: 'initializing': conversion from 'float' to 'int', possible loss of data
C:\Users\Jack\Documents\GitHub\SFML-Game\SFML_Engine\ObjectCollection.cpp(728,13): warning C4244: 'initializing': conversion from 'float' to 'int', possible loss of data
C:\Users\Jack\Documents\GitHub\SFML-Game\SFML_Engine\ObjectCollection.cpp(734,55): warning C4244: '=': conversion from 'float' to 'int', possible loss of data
C:\Users\Jack\Documents\GitHub\SFML-Game\SFML_Engine\ObjectCollection.cpp(748,13): warning C4244: 'initializing': conversion from 'float' to 'int', possible loss of data
C:\Users\Jack\Documents\GitHub\SFML-Game\SFML_Engine\ObjectCollection.cpp(749,13): warning C4244: 'initializing': conversion from 'float' to 'int', possible loss of data
C:\Users\Jack\Documents\GitHub\SFML-Game\SFML_Engine\ObjectCollection.cpp(755,15): warning C4244: 'initializing': conversion from 'float' to 'int', possible loss of data
C:\Users\Jack\Documents\GitHub\SFML-Game\SFML_Engine\ObjectCollection.cpp(756,15): warning C4244: 'initializing': conversion from 'float' to 'int', possible loss of data
C:\Users\Jack\Documents\GitHub\SFML-Game\SFML_Engine\ObjectCollection.cpp(769,57): warning C4244: '=': conversion from 'float' to 'int', possible loss of data
C:\Users\Jack\Documents\GitHub\SFML-Game\SFML_Engine\ObjectCollection.cpp(770,55): warning C4244: '=': conversion from 'float' to 'int', possible loss of data
C:\Program Files\Microsoft Visual Studio\2022\Community\VC\Tools\MSVC\14.39.33519\include\xutility(255,82): warning C4244: 'argument': conversion from 'int' to 'float', possible loss of data
  (compiling source file 'ObjectCollection.cpp')
  C:\Program Files\Microsoft Visual Studio\2022\Community\VC\Tools\MSVC\14.39.33519\include\xutility(255,82):
  the template instantiation context (the oldest one first) is
  	C:\Users\Jack\Documents\GitHub\SFML-Game\SFML_Engine\ObjectCollection.cpp(328,25):
  	see reference to function template instantiation 'std::shared_ptr<Enemy> std::make_shared<Enemy,SpriteCollection*&,SoundPlayer*&,int&,int&>(SpriteCollection *&,SoundPlayer *&,int &,int &)' being compiled
  	C:\Program Files\Microsoft Visual Studio\2022\Community\VC\Tools\MSVC\14.39.33519\include\memory(2738,46):
  	see reference to function template instantiation 'std::_Ref_count_obj2<Enemy>::_Ref_count_obj2<SpriteCollection*&,SoundPlayer*&,int&,int&>(SpriteCollection *&,SoundPlayer *&,int &,int &)' being compiled
  	C:\Program Files\Microsoft Visual Studio\2022\Community\VC\Tools\MSVC\14.39.33519\include\memory(2062,18):
  	see reference to function template instantiation 'void std::_Construct_in_place<_Ty,SpriteCollection*&,SoundPlayer*&,int&,int&>(_Ty &,SpriteCollection *&,SoundPlayer *&,int &,int &) noexcept(false)' being compiled
          with
          [
              _Ty=Enemy
          ]
  
C:\Program Files\Microsoft Visual Studio\2022\Community\VC\Tools\MSVC\14.39.33519\include\xutility(255,82): warning C4244: 'argument': conversion from '_Ty' to 'float', possible loss of data
C:\Program Files\Microsoft Visual Studio\2022\Community\VC\Tools\MSVC\14.39.33519\include\xutility(255,82): warning C4244:         with
C:\Program Files\Microsoft Visual Studio\2022\Community\VC\Tools\MSVC\14.39.33519\include\xutility(255,82): warning C4244:         [
C:\Program Files\Microsoft Visual Studio\2022\Community\VC\Tools\MSVC\14.39.33519\include\xutility(255,82): warning C4244:             _Ty=double
C:\Program Files\Microsoft Visual Studio\2022\Community\VC\Tools\MSVC\14.39.33519\include\xutility(255,82): warning C4244:         ]
  (compiling source file 'ObjectCollection.cpp')
  C:\Program Files\Microsoft Visual Studio\2022\Community\VC\Tools\MSVC\14.39.33519\include\xutility(255,82):
  the template instantiation context (the oldest one first) is
  	C:\Users\Jack\Documents\GitHub\SFML-Game\SFML_Engine\ObjectCollection.cpp(395,25):
  	see reference to function template instantiation 'std::shared_ptr<Spark> std::make_shared<Spark,SpriteCollection*&,glm::vec3,glm::vec3,double,float&>(SpriteCollection *&,glm::vec3 &&,glm::vec3 &&,double &&,float &)' being compiled
  	C:\Program Files\Microsoft Visual Studio\2022\Community\VC\Tools\MSVC\14.39.33519\include\memory(2738,46):
  	see reference to function template instantiation 'std::_Ref_count_obj2<Spark>::_Ref_count_obj2<SpriteCollection*&,_Ty,_Ty,double,float&>(SpriteCollection *&,_Ty &&,_Ty &&,double &&,float &)' being compiled
          with
          [
              _Ty=glm::vec3
          ]
  	C:\Program Files\Microsoft Visual Studio\2022\Community\VC\Tools\MSVC\14.39.33519\include\memory(2062,18):
  	see reference to function template instantiation 'void std::_Construct_in_place<_Ty,SpriteCollection*&,glm::tvec3<float,glm::packed_highp>,glm::tvec3<float,glm::packed_highp>,double,float&>(_Ty &,SpriteCollection *&,glm::tvec3<float,glm::packed_highp> &&,glm::tvec3<float,glm::packed_highp> &&,double &&,float &) noexcept(false)' being compiled
          with
          [
              _Ty=Spark
          ]
  
  PowerManager.cpp
C:\Users\Jack\Documents\GitHub\SFML-Game\SFML_Engine\Shader_Pipeline_Classes.h(234,68): warning C4244: 'argument': conversion from 'float' to 'sf::Uint8', possible loss of data
  (compiling source file 'PowerManager.cpp')
  
C:\Users\Jack\Documents\GitHub\SFML-Game\SFML_Engine\Shader_Pipeline_Classes.h(266,46): warning C4244: 'argument': conversion from 'float' to 'unsigned int', possible loss of data
  (compiling source file 'PowerManager.cpp')
  
C:\Users\Jack\Documents\GitHub\SFML-Game\SFML_Engine\Shader_Pipeline_Classes.h(266,39): warning C4244: 'argument': conversion from 'float' to 'unsigned int', possible loss of data
  (compiling source file 'PowerManager.cpp')
  
C:\Users\Jack\Documents\GitHub\SFML-Game\SFML_Engine\ObjectCollection.h(11,10): warning C4067: unexpected tokens following preprocessor directive - expected a newline
  (compiling source file 'PowerManager.cpp')
  
C:\Users\Jack\Documents\GitHub\SFML-Game\SFML_Engine\Miner.h(10,19): warning C4305: 'initializing': truncation from 'double' to 'float'
  (compiling source file 'PowerManager.cpp')
  
  UIManager.cpp
C:\Users\Jack\Documents\GitHub\SFML-Game\SFML_Engine\Shader_Pipeline_Classes.h(234,68): warning C4244: 'argument': conversion from 'float' to 'sf::Uint8', possible loss of data
  (compiling source file 'UIManager.cpp')
  
C:\Users\Jack\Documents\GitHub\SFML-Game\SFML_Engine\Shader_Pipeline_Classes.h(266,46): warning C4244: 'argument': conversion from 'float' to 'unsigned int', possible loss of data
  (compiling source file 'UIManager.cpp')
  
C:\Users\Jack\Documents\GitHub\SFML-Game\SFML_Engine\Shader_Pipeline_Classes.h(266,39): warning C4244: 'argument': conversion from 'float' to 'unsigned int', possible loss of data
  (compiling source file 'UIManager.cpp')
  
C:\Users\Jack\Documents\GitHub\SFML-Game\SFML_Engine\ObjectCollection.h(11,10): warning C4067: unexpected tokens following preprocessor directive - expected a newline
  (compiling source file 'UIManager.cpp')
  
C:\Users\Jack\Documents\GitHub\SFML-Game\SFML_Engine\Miner.h(10,19): warning C4305: 'initializing': truncation from 'double' to 'float'
  (compiling source file 'UIManager.cpp')
  
C:\Users\Jack\Documents\GitHub\SFML-Game\SFML_Engine\UIManager.cpp(21,60): warning C4305: 'argument': truncation from 'double' to 'float'
C:\Users\Jack\Documents\GitHub\SFML-Game\SFML_Engine\UIManager.cpp(25,60): warning C4305: 'argument': truncation from 'double' to 'float'
C:\Users\Jack\Documents\GitHub\SFML-Game\SFML_Engine\UIManager.cpp(107,140): warning C4305: 'argument': truncation from 'double' to 'float'
C:\Users\Jack\Documents\GitHub\SFML-Game\SFML_Engine\UIManager.cpp(107,134): warning C4244: 'argument': conversion from 'T' to 'int', possible loss of data
C:\Users\Jack\Documents\GitHub\SFML-Game\SFML_Engine\UIManager.cpp(107,134): warning C4244:         with
C:\Users\Jack\Documents\GitHub\SFML-Game\SFML_Engine\UIManager.cpp(107,134): warning C4244:         [
C:\Users\Jack\Documents\GitHub\SFML-Game\SFML_Engine\UIManager.cpp(107,134): warning C4244:             T=float
C:\Users\Jack\Documents\GitHub\SFML-Game\SFML_Engine\UIManager.cpp(107,134): warning C4244:         ]
C:\Users\Jack\Documents\GitHub\SFML-Game\SFML_Engine\UIManager.cpp(107,125): warning C4244: 'argument': conversion from 'T' to 'int', possible loss of data
C:\Users\Jack\Documents\GitHub\SFML-Game\SFML_Engine\UIManager.cpp(107,125): warning C4244:         with
C:\Users\Jack\Documents\GitHub\SFML-Game\SFML_Engine\UIManager.cpp(107,125): warning C4244:         [
C:\Users\Jack\Documents\GitHub\SFML-Game\SFML_Engine\UIManager.cpp(107,125): warning C4244:             T=float
C:\Users\Jack\Documents\GitHub\SFML-Game\SFML_Engine\UIManager.cpp(107,125): warning C4244:         ]
  main.cpp
C:\Users\Jack\Documents\GitHub\SFML-Game\SFML_Engine\Shader_Pipeline_Classes.h(234,68): warning C4244: 'argument': conversion from 'float' to 'sf::Uint8', possible loss of data
  (compiling source file 'main.cpp')
  
C:\Users\Jack\Documents\GitHub\SFML-Game\SFML_Engine\Shader_Pipeline_Classes.h(266,46): warning C4244: 'argument': conversion from 'float' to 'unsigned int', possible loss of data
  (compiling source file 'main.cpp')
  
C:\Users\Jack\Documents\GitHub\SFML-Game\SFML_Engine\Shader_Pipeline_Classes.h(266,39): warning C4244: 'argument': conversion from 'float' to 'unsigned int', possible loss of data
  (compiling source file 'main.cpp')
  
C:\Users\Jack\Documents\GitHub\SFML-Game\SFML_Engine\ObjectCollection.h(11,10): warning C4067: unexpected tokens following preprocessor directive - expected a newline
  (compiling source file 'main.cpp')
  
C:\Users\Jack\Documents\GitHub\SFML-Game\SFML_Engine\Miner.h(10,19): warning C4305: 'initializing': truncation from 'double' to 'float'
  (compiling source file 'main.cpp')
  
C:\Users\Jack\Documents\GitHub\SFML-Game\SFML_Engine\SnowSystem.h(40,20): warning C4305: 'initializing': truncation from 'double' to 'float'
  (compiling source file 'main.cpp')
  
C:\Users\Jack\Documents\GitHub\SFML-Game\SFML_Engine\main.cpp(33,127): warning C4244: 'argument': conversion from 'double' to 'unsigned int', possible loss of data
C:\Users\Jack\Documents\GitHub\SFML-Game\SFML_Engine\main.cpp(33,81): warning C4244: 'argument': conversion from 'double' to 'unsigned int', possible loss of data
C:\Users\Jack\Documents\GitHub\SFML-Game\SFML_Engine\main.cpp(34,30): warning C4244: 'argument': conversion from 'const float' to 'unsigned int', possible loss of data
C:\Users\Jack\Documents\GitHub\SFML-Game\SFML_Engine\main.cpp(36,131): warning C4244: 'argument': conversion from 'double' to 'T', possible loss of data
C:\Users\Jack\Documents\GitHub\SFML-Game\SFML_Engine\main.cpp(36,131): warning C4244:         with
C:\Users\Jack\Documents\GitHub\SFML-Game\SFML_Engine\main.cpp(36,131): warning C4244:         [
C:\Users\Jack\Documents\GitHub\SFML-Game\SFML_Engine\main.cpp(36,131): warning C4244:             T=float
C:\Users\Jack\Documents\GitHub\SFML-Game\SFML_Engine\main.cpp(36,131): warning C4244:         ]
C:\Users\Jack\Documents\GitHub\SFML-Game\SFML_Engine\main.cpp(36,86): warning C4244: 'argument': conversion from 'double' to 'T', possible loss of data
C:\Users\Jack\Documents\GitHub\SFML-Game\SFML_Engine\main.cpp(36,86): warning C4244:         with
C:\Users\Jack\Documents\GitHub\SFML-Game\SFML_Engine\main.cpp(36,86): warning C4244:         [
C:\Users\Jack\Documents\GitHub\SFML-Game\SFML_Engine\main.cpp(36,86): warning C4244:             T=float
C:\Users\Jack\Documents\GitHub\SFML-Game\SFML_Engine\main.cpp(36,86): warning C4244:         ]
C:\Users\Jack\Documents\GitHub\SFML-Game\SFML_Engine\main.cpp(42,19): warning C4244: 'initializing': conversion from '_Rep' to 'int', possible loss of data
C:\Users\Jack\Documents\GitHub\SFML-Game\SFML_Engine\main.cpp(42,19): warning C4244:         with
C:\Users\Jack\Documents\GitHub\SFML-Game\SFML_Engine\main.cpp(42,19): warning C4244:         [
C:\Users\Jack\Documents\GitHub\SFML-Game\SFML_Engine\main.cpp(42,19): warning C4244:             _Rep=__int64
C:\Users\Jack\Documents\GitHub\SFML-Game\SFML_Engine\main.cpp(42,19): warning C4244:         ]
C:\Users\Jack\Documents\GitHub\SFML-Game\SFML_Engine\main.cpp(44,24): warning C4244: 'initializing': conversion from '_Rep' to 'int', possible loss of data
C:\Users\Jack\Documents\GitHub\SFML-Game\SFML_Engine\main.cpp(44,24): warning C4244:         with
C:\Users\Jack\Documents\GitHub\SFML-Game\SFML_Engine\main.cpp(44,24): warning C4244:         [
C:\Users\Jack\Documents\GitHub\SFML-Game\SFML_Engine\main.cpp(44,24): warning C4244:             _Rep=__int64
C:\Users\Jack\Documents\GitHub\SFML-Game\SFML_Engine\main.cpp(44,24): warning C4244:         ]
C:\Users\Jack\Documents\GitHub\SFML-Game\SFML_Engine\main.cpp(50,23): warning C4244: 'initializing': conversion from '_Rep' to 'int', possible loss of data
C:\Users\Jack\Documents\GitHub\SFML-Game\SFML_Engine\main.cpp(50,23): warning C4244:         with
C:\Users\Jack\Documents\GitHub\SFML-Game\SFML_Engine\main.cpp(50,23): warning C4244:         [
C:\Users\Jack\Documents\GitHub\SFML-Game\SFML_Engine\main.cpp(50,23): warning C4244:             _Rep=__int64
C:\Users\Jack\Documents\GitHub\SFML-Game\SFML_Engine\main.cpp(50,23): warning C4244:         ]
C:\Users\Jack\Documents\GitHub\SFML-Game\SFML_Engine\main.cpp(53,21): warning C4244: 'initializing': conversion from '_Rep' to 'int', possible loss of data
C:\Users\Jack\Documents\GitHub\SFML-Game\SFML_Engine\main.cpp(53,21): warning C4244:         with
C:\Users\Jack\Documents\GitHub\SFML-Game\SFML_Engine\main.cpp(53,21): warning C4244:         [
C:\Users\Jack\Documents\GitHub\SFML-Game\SFML_Engine\main.cpp(53,21): warning C4244:             _Rep=__int64
C:\Users\Jack\Documents\GitHub\SFML-Game\SFML_Engine\main.cpp(53,21): warning C4244:         ]
  Generating Code...
  SFML_Engine.vcxproj -> C:\Users\Jack\Documents\GitHub\SFML-Game\x64\Debug\SFML_Engine.exe
